2025-08-17 18:48:53,614  INFO [TestNG-tests-1] resumeUploadinProfilePage:113 - cookies deleted
2025-08-17 18:48:58,863  INFO [TestNG-tests-1] resumeUploadinProfilePage:72 - ******* Started TC_03_Resume Upload Testcase *******
2025-08-17 18:48:59,327  INFO [TestNG-tests-1] resumeUploadinProfilePage:74 - login credentials entered and logged into the account
2025-08-17 18:49:01,499  INFO [TestNG-tests-1] resumeUploadinProfilePage:77 - clicked on user icon
2025-08-17 18:49:02,763  INFO [TestNG-tests-1] resumeUploadinProfilePage:79 - clicked on ViewAndUpdateProfileLink
2025-08-17 18:49:05,690  INFO [TestNG-tests-1] resumeUploadinProfilePage:87 - resume uploaded successfully
2025-08-17 18:49:05,691  INFO [TestNG-tests-1] resumeUploadinProfilePage:97 - ******* Finished TC_03_Resume Upload Testcase *******
2025-08-17 18:49:06,206 DEBUG [TestNG-tests-1] cache:45 - Couldn't find template in cache for "spark/spark.spa.ftl"("en_IN", UTF-8, parsed); will try to load it.
2025-08-17 18:49:06,208 DEBUG [TestNG-tests-1] cache:45 - TemplateLoader.findTemplateSource("spark/spark.spa_en_IN.ftl"): Not found
2025-08-17 18:49:06,210 DEBUG [TestNG-tests-1] cache:45 - TemplateLoader.findTemplateSource("spark/spark.spa_en.ftl"): Not found
2025-08-17 18:49:06,211 DEBUG [TestNG-tests-1] cache:45 - TemplateLoader.findTemplateSource("spark/spark.spa.ftl"): Found
2025-08-17 18:49:06,212 DEBUG [TestNG-tests-1] cache:45 - Loading template for "spark/spark.spa.ftl"("en_IN", UTF-8, parsed) from "jar:file:/C:/Users/phani/.m2/repository/com/aventstack/extentreports/5.1.1/extentreports-5.1.1.jar!/com/aventstack/extentreports/templates/spark/spark.spa.ftl"
2025-08-17 18:49:06,292 DEBUG [TestNG-tests-1] cache:45 - Couldn't find template in cache for "commons/commons-variables.ftl"("en_IN", UTF-8, parsed); will try to load it.
2025-08-17 18:49:06,293 DEBUG [TestNG-tests-1] cache:45 - TemplateLoader.findTemplateSource("commons/commons-variables_en_IN.ftl"): Not found
2025-08-17 18:49:06,293 DEBUG [TestNG-tests-1] cache:45 - TemplateLoader.findTemplateSource("commons/commons-variables_en.ftl"): Not found
2025-08-17 18:49:06,294 DEBUG [TestNG-tests-1] cache:45 - TemplateLoader.findTemplateSource("commons/commons-variables.ftl"): Found
2025-08-17 18:49:06,296 DEBUG [TestNG-tests-1] cache:45 - Loading template for "commons/commons-variables.ftl"("en_IN", UTF-8, parsed) from "jar:file:/C:/Users/phani/.m2/repository/com/aventstack/extentreports/5.1.1/extentreports-5.1.1.jar!/com/aventstack/extentreports/templates/commons/commons-variables.ftl"
2025-08-17 18:49:06,443 DEBUG [TestNG-tests-1] cache:45 - Couldn't find template in cache for "commons/commons-macros.ftl"("en_IN", UTF-8, parsed); will try to load it.
2025-08-17 18:49:06,444 DEBUG [TestNG-tests-1] cache:45 - TemplateLoader.findTemplateSource("commons/commons-macros_en_IN.ftl"): Not found
2025-08-17 18:49:06,445 DEBUG [TestNG-tests-1] cache:45 - TemplateLoader.findTemplateSource("commons/commons-macros_en.ftl"): Not found
2025-08-17 18:49:06,446 DEBUG [TestNG-tests-1] cache:45 - TemplateLoader.findTemplateSource("commons/commons-macros.ftl"): Found
2025-08-17 18:49:06,446 DEBUG [TestNG-tests-1] cache:45 - Loading template for "commons/commons-macros.ftl"("en_IN", UTF-8, parsed) from "jar:file:/C:/Users/phani/.m2/repository/com/aventstack/extentreports/5.1.1/extentreports-5.1.1.jar!/com/aventstack/extentreports/templates/commons/commons-macros.ftl"
2025-08-17 18:49:06,457 DEBUG [TestNG-tests-1] cache:45 - Couldn't find template in cache for "spark/macros/attributes.ftl"("en_IN", UTF-8, parsed); will try to load it.
2025-08-17 18:49:06,460 DEBUG [TestNG-tests-1] cache:45 - TemplateLoader.findTemplateSource("spark/macros/attributes_en_IN.ftl"): Not found
2025-08-17 18:49:06,460 DEBUG [TestNG-tests-1] cache:45 - TemplateLoader.findTemplateSource("spark/macros/attributes_en.ftl"): Not found
2025-08-17 18:49:06,461 DEBUG [TestNG-tests-1] cache:45 - TemplateLoader.findTemplateSource("spark/macros/attributes.ftl"): Found
2025-08-17 18:49:06,461 DEBUG [TestNG-tests-1] cache:45 - Loading template for "spark/macros/attributes.ftl"("en_IN", UTF-8, parsed) from "jar:file:/C:/Users/phani/.m2/repository/com/aventstack/extentreports/5.1.1/extentreports-5.1.1.jar!/com/aventstack/extentreports/templates/spark/macros/attributes.ftl"
2025-08-17 18:49:06,464 DEBUG [TestNG-tests-1] cache:45 - Couldn't find template in cache for "spark/macros/log.ftl"("en_IN", UTF-8, parsed); will try to load it.
2025-08-17 18:49:06,465 DEBUG [TestNG-tests-1] cache:45 - TemplateLoader.findTemplateSource("spark/macros/log_en_IN.ftl"): Not found
2025-08-17 18:49:06,465 DEBUG [TestNG-tests-1] cache:45 - TemplateLoader.findTemplateSource("spark/macros/log_en.ftl"): Not found
2025-08-17 18:49:06,466 DEBUG [TestNG-tests-1] cache:45 - TemplateLoader.findTemplateSource("spark/macros/log.ftl"): Found
2025-08-17 18:49:06,467 DEBUG [TestNG-tests-1] cache:45 - Loading template for "spark/macros/log.ftl"("en_IN", UTF-8, parsed) from "jar:file:/C:/Users/phani/.m2/repository/com/aventstack/extentreports/5.1.1/extentreports-5.1.1.jar!/com/aventstack/extentreports/templates/spark/macros/log.ftl"
2025-08-17 18:49:06,470 DEBUG [TestNG-tests-1] cache:45 - Couldn't find template in cache for "spark/macros/recurse_nodes.ftl"("en_IN", UTF-8, parsed); will try to load it.
2025-08-17 18:49:06,470 DEBUG [TestNG-tests-1] cache:45 - TemplateLoader.findTemplateSource("spark/macros/recurse_nodes_en_IN.ftl"): Not found
2025-08-17 18:49:06,471 DEBUG [TestNG-tests-1] cache:45 - TemplateLoader.findTemplateSource("spark/macros/recurse_nodes_en.ftl"): Not found
2025-08-17 18:49:06,471 DEBUG [TestNG-tests-1] cache:45 - TemplateLoader.findTemplateSource("spark/macros/recurse_nodes.ftl"): Found
2025-08-17 18:49:06,472 DEBUG [TestNG-tests-1] cache:45 - Loading template for "spark/macros/recurse_nodes.ftl"("en_IN", UTF-8, parsed) from "jar:file:/C:/Users/phani/.m2/repository/com/aventstack/extentreports/5.1.1/extentreports-5.1.1.jar!/com/aventstack/extentreports/templates/spark/macros/recurse_nodes.ftl"
2025-08-17 18:49:06,476 DEBUG [TestNG-tests-1] cache:45 - "spark/macros/log.ftl"("en_IN", UTF-8, parsed) cached copy not yet stale; using cached.
2025-08-17 18:49:06,476 DEBUG [TestNG-tests-1] cache:45 - Couldn't find template in cache for "spark/macros/attr-common.ftl"("en_IN", UTF-8, parsed); will try to load it.
2025-08-17 18:49:06,477 DEBUG [TestNG-tests-1] cache:45 - TemplateLoader.findTemplateSource("spark/macros/attr-common_en_IN.ftl"): Not found
2025-08-17 18:49:06,478 DEBUG [TestNG-tests-1] cache:45 - TemplateLoader.findTemplateSource("spark/macros/attr-common_en.ftl"): Not found
2025-08-17 18:49:06,479 DEBUG [TestNG-tests-1] cache:45 - TemplateLoader.findTemplateSource("spark/macros/attr-common.ftl"): Found
2025-08-17 18:49:06,480 DEBUG [TestNG-tests-1] cache:45 - Loading template for "spark/macros/attr-common.ftl"("en_IN", UTF-8, parsed) from "jar:file:/C:/Users/phani/.m2/repository/com/aventstack/extentreports/5.1.1/extentreports-5.1.1.jar!/com/aventstack/extentreports/templates/spark/macros/attr-common.ftl"
2025-08-17 18:49:06,491 DEBUG [TestNG-tests-1] cache:45 - Couldn't find template in cache for "spark/partials/head.ftl"("en_IN", UTF-8, parsed); will try to load it.
2025-08-17 18:49:06,492 DEBUG [TestNG-tests-1] cache:45 - TemplateLoader.findTemplateSource("spark/partials/head_en_IN.ftl"): Not found
2025-08-17 18:49:06,493 DEBUG [TestNG-tests-1] cache:45 - TemplateLoader.findTemplateSource("spark/partials/head_en.ftl"): Not found
2025-08-17 18:49:06,494 DEBUG [TestNG-tests-1] cache:45 - TemplateLoader.findTemplateSource("spark/partials/head.ftl"): Found
2025-08-17 18:49:06,496 DEBUG [TestNG-tests-1] cache:45 - Loading template for "spark/partials/head.ftl"("en_IN", UTF-8, parsed) from "jar:file:/C:/Users/phani/.m2/repository/com/aventstack/extentreports/5.1.1/extentreports-5.1.1.jar!/com/aventstack/extentreports/templates/spark/partials/head.ftl"
2025-08-17 18:49:06,501 DEBUG [TestNG-tests-1] cache:45 - Couldn't find template in cache for "commons/commons-inject-css.ftl"("en_IN", UTF-8, parsed); will try to load it.
2025-08-17 18:49:06,501 DEBUG [TestNG-tests-1] cache:45 - TemplateLoader.findTemplateSource("commons/commons-inject-css_en_IN.ftl"): Not found
2025-08-17 18:49:06,504 DEBUG [TestNG-tests-1] cache:45 - TemplateLoader.findTemplateSource("commons/commons-inject-css_en.ftl"): Not found
2025-08-17 18:49:06,504 DEBUG [TestNG-tests-1] cache:45 - TemplateLoader.findTemplateSource("commons/commons-inject-css.ftl"): Found
2025-08-17 18:49:06,505 DEBUG [TestNG-tests-1] cache:45 - Loading template for "commons/commons-inject-css.ftl"("en_IN", UTF-8, parsed) from "jar:file:/C:/Users/phani/.m2/repository/com/aventstack/extentreports/5.1.1/extentreports-5.1.1.jar!/com/aventstack/extentreports/templates/commons/commons-inject-css.ftl"
2025-08-17 18:49:06,506 DEBUG [TestNG-tests-1] cache:45 - Couldn't find template in cache for "spark/partials/navbar.ftl"("en_IN", UTF-8, parsed); will try to load it.
2025-08-17 18:49:06,507 DEBUG [TestNG-tests-1] cache:45 - TemplateLoader.findTemplateSource("spark/partials/navbar_en_IN.ftl"): Not found
2025-08-17 18:49:06,508 DEBUG [TestNG-tests-1] cache:45 - TemplateLoader.findTemplateSource("spark/partials/navbar_en.ftl"): Not found
2025-08-17 18:49:06,509 DEBUG [TestNG-tests-1] cache:45 - TemplateLoader.findTemplateSource("spark/partials/navbar.ftl"): Found
2025-08-17 18:49:06,510 DEBUG [TestNG-tests-1] cache:45 - Loading template for "spark/partials/navbar.ftl"("en_IN", UTF-8, parsed) from "jar:file:/C:/Users/phani/.m2/repository/com/aventstack/extentreports/5.1.1/extentreports-5.1.1.jar!/com/aventstack/extentreports/templates/spark/partials/navbar.ftl"
2025-08-17 18:49:06,521 DEBUG [TestNG-tests-1] cache:45 - Couldn't find template in cache for "spark/partials/sidenav.ftl"("en_IN", UTF-8, parsed); will try to load it.
2025-08-17 18:49:06,522 DEBUG [TestNG-tests-1] cache:45 - TemplateLoader.findTemplateSource("spark/partials/sidenav_en_IN.ftl"): Not found
2025-08-17 18:49:06,524 DEBUG [TestNG-tests-1] cache:45 - TemplateLoader.findTemplateSource("spark/partials/sidenav_en.ftl"): Not found
2025-08-17 18:49:06,525 DEBUG [TestNG-tests-1] cache:45 - TemplateLoader.findTemplateSource("spark/partials/sidenav.ftl"): Found
2025-08-17 18:49:06,526 DEBUG [TestNG-tests-1] cache:45 - Loading template for "spark/partials/sidenav.ftl"("en_IN", UTF-8, parsed) from "jar:file:/C:/Users/phani/.m2/repository/com/aventstack/extentreports/5.1.1/extentreports-5.1.1.jar!/com/aventstack/extentreports/templates/spark/partials/sidenav.ftl"
2025-08-17 18:49:06,543 DEBUG [TestNG-tests-1] cache:45 - Couldn't find template in cache for "spark/partials/test.ftl"("en_IN", UTF-8, parsed); will try to load it.
2025-08-17 18:49:06,545 DEBUG [TestNG-tests-1] cache:45 - TemplateLoader.findTemplateSource("spark/partials/test_en_IN.ftl"): Not found
2025-08-17 18:49:06,545 DEBUG [TestNG-tests-1] cache:45 - TemplateLoader.findTemplateSource("spark/partials/test_en.ftl"): Not found
2025-08-17 18:49:06,546 DEBUG [TestNG-tests-1] cache:45 - TemplateLoader.findTemplateSource("spark/partials/test.ftl"): Found
2025-08-17 18:49:06,547 DEBUG [TestNG-tests-1] cache:45 - Loading template for "spark/partials/test.ftl"("en_IN", UTF-8, parsed) from "jar:file:/C:/Users/phani/.m2/repository/com/aventstack/extentreports/5.1.1/extentreports-5.1.1.jar!/com/aventstack/extentreports/templates/spark/partials/test.ftl"
2025-08-17 18:49:06,573 DEBUG [TestNG-tests-1] cache:45 - Couldn't find template in cache for "spark/partials/standard-content.ftl"("en_IN", UTF-8, parsed); will try to load it.
2025-08-17 18:49:06,574 DEBUG [TestNG-tests-1] cache:45 - TemplateLoader.findTemplateSource("spark/partials/standard-content_en_IN.ftl"): Not found
2025-08-17 18:49:06,575 DEBUG [TestNG-tests-1] cache:45 - TemplateLoader.findTemplateSource("spark/partials/standard-content_en.ftl"): Not found
2025-08-17 18:49:06,576 DEBUG [TestNG-tests-1] cache:45 - TemplateLoader.findTemplateSource("spark/partials/standard-content.ftl"): Found
2025-08-17 18:49:06,576 DEBUG [TestNG-tests-1] cache:45 - Loading template for "spark/partials/standard-content.ftl"("en_IN", UTF-8, parsed) from "jar:file:/C:/Users/phani/.m2/repository/com/aventstack/extentreports/5.1.1/extentreports-5.1.1.jar!/com/aventstack/extentreports/templates/spark/partials/standard-content.ftl"
2025-08-17 18:49:06,582 DEBUG [TestNG-tests-1] cache:45 - Couldn't find template in cache for "spark/partials/exception.ftl"("en_IN", UTF-8, parsed); will try to load it.
2025-08-17 18:49:06,583 DEBUG [TestNG-tests-1] cache:45 - TemplateLoader.findTemplateSource("spark/partials/exception_en_IN.ftl"): Not found
2025-08-17 18:49:06,584 DEBUG [TestNG-tests-1] cache:45 - TemplateLoader.findTemplateSource("spark/partials/exception_en.ftl"): Not found
2025-08-17 18:49:06,585 DEBUG [TestNG-tests-1] cache:45 - TemplateLoader.findTemplateSource("spark/partials/exception.ftl"): Found
2025-08-17 18:49:06,585 DEBUG [TestNG-tests-1] cache:45 - Loading template for "spark/partials/exception.ftl"("en_IN", UTF-8, parsed) from "jar:file:/C:/Users/phani/.m2/repository/com/aventstack/extentreports/5.1.1/extentreports-5.1.1.jar!/com/aventstack/extentreports/templates/spark/partials/exception.ftl"
2025-08-17 18:49:06,587 DEBUG [TestNG-tests-1] cache:45 - Couldn't find template in cache for "spark/partials/category.ftl"("en_IN", UTF-8, parsed); will try to load it.
2025-08-17 18:49:06,588 DEBUG [TestNG-tests-1] cache:45 - TemplateLoader.findTemplateSource("spark/partials/category_en_IN.ftl"): Not found
2025-08-17 18:49:06,589 DEBUG [TestNG-tests-1] cache:45 - TemplateLoader.findTemplateSource("spark/partials/category_en.ftl"): Not found
2025-08-17 18:49:06,590 DEBUG [TestNG-tests-1] cache:45 - TemplateLoader.findTemplateSource("spark/partials/category.ftl"): Found
2025-08-17 18:49:06,591 DEBUG [TestNG-tests-1] cache:45 - Loading template for "spark/partials/category.ftl"("en_IN", UTF-8, parsed) from "jar:file:/C:/Users/phani/.m2/repository/com/aventstack/extentreports/5.1.1/extentreports-5.1.1.jar!/com/aventstack/extentreports/templates/spark/partials/category.ftl"
2025-08-17 18:49:06,596 DEBUG [TestNG-tests-1] cache:45 - Couldn't find template in cache for "spark/partials/device.ftl"("en_IN", UTF-8, parsed); will try to load it.
2025-08-17 18:49:06,597 DEBUG [TestNG-tests-1] cache:45 - TemplateLoader.findTemplateSource("spark/partials/device_en_IN.ftl"): Not found
2025-08-17 18:49:06,598 DEBUG [TestNG-tests-1] cache:45 - TemplateLoader.findTemplateSource("spark/partials/device_en.ftl"): Not found
2025-08-17 18:49:06,599 DEBUG [TestNG-tests-1] cache:45 - TemplateLoader.findTemplateSource("spark/partials/device.ftl"): Found
2025-08-17 18:49:06,599 DEBUG [TestNG-tests-1] cache:45 - Loading template for "spark/partials/device.ftl"("en_IN", UTF-8, parsed) from "jar:file:/C:/Users/phani/.m2/repository/com/aventstack/extentreports/5.1.1/extentreports-5.1.1.jar!/com/aventstack/extentreports/templates/spark/partials/device.ftl"
2025-08-17 18:49:06,601 DEBUG [TestNG-tests-1] cache:45 - Couldn't find template in cache for "spark/partials/author.ftl"("en_IN", UTF-8, parsed); will try to load it.
2025-08-17 18:49:06,602 DEBUG [TestNG-tests-1] cache:45 - TemplateLoader.findTemplateSource("spark/partials/author_en_IN.ftl"): Not found
2025-08-17 18:49:06,603 DEBUG [TestNG-tests-1] cache:45 - TemplateLoader.findTemplateSource("spark/partials/author_en.ftl"): Not found
2025-08-17 18:49:06,604 DEBUG [TestNG-tests-1] cache:45 - TemplateLoader.findTemplateSource("spark/partials/author.ftl"): Found
2025-08-17 18:49:06,604 DEBUG [TestNG-tests-1] cache:45 - Loading template for "spark/partials/author.ftl"("en_IN", UTF-8, parsed) from "jar:file:/C:/Users/phani/.m2/repository/com/aventstack/extentreports/5.1.1/extentreports-5.1.1.jar!/com/aventstack/extentreports/templates/spark/partials/author.ftl"
2025-08-17 18:49:06,606 DEBUG [TestNG-tests-1] cache:45 - Couldn't find template in cache for "spark/partials/log.ftl"("en_IN", UTF-8, parsed); will try to load it.
2025-08-17 18:49:06,608 DEBUG [TestNG-tests-1] cache:45 - TemplateLoader.findTemplateSource("spark/partials/log_en_IN.ftl"): Not found
2025-08-17 18:49:06,608 DEBUG [TestNG-tests-1] cache:45 - TemplateLoader.findTemplateSource("spark/partials/log_en.ftl"): Not found
2025-08-17 18:49:06,610 DEBUG [TestNG-tests-1] cache:45 - TemplateLoader.findTemplateSource("spark/partials/log.ftl"): Found
2025-08-17 18:49:06,610 DEBUG [TestNG-tests-1] cache:45 - Loading template for "spark/partials/log.ftl"("en_IN", UTF-8, parsed) from "jar:file:/C:/Users/phani/.m2/repository/com/aventstack/extentreports/5.1.1/extentreports-5.1.1.jar!/com/aventstack/extentreports/templates/spark/partials/log.ftl"
2025-08-17 18:49:06,612 DEBUG [TestNG-tests-1] cache:45 - Couldn't find template in cache for "spark/partials/dashboard.ftl"("en_IN", UTF-8, parsed); will try to load it.
2025-08-17 18:49:06,613 DEBUG [TestNG-tests-1] cache:45 - TemplateLoader.findTemplateSource("spark/partials/dashboard_en_IN.ftl"): Not found
2025-08-17 18:49:06,614 DEBUG [TestNG-tests-1] cache:45 - TemplateLoader.findTemplateSource("spark/partials/dashboard_en.ftl"): Not found
2025-08-17 18:49:06,615 DEBUG [TestNG-tests-1] cache:45 - TemplateLoader.findTemplateSource("spark/partials/dashboard.ftl"): Found
2025-08-17 18:49:06,615 DEBUG [TestNG-tests-1] cache:45 - Loading template for "spark/partials/dashboard.ftl"("en_IN", UTF-8, parsed) from "jar:file:/C:/Users/phani/.m2/repository/com/aventstack/extentreports/5.1.1/extentreports-5.1.1.jar!/com/aventstack/extentreports/templates/spark/partials/dashboard.ftl"
2025-08-17 18:49:06,658 DEBUG [TestNG-tests-1] cache:45 - Couldn't find template in cache for "spark/partials/scripts.ftl"("en_IN", UTF-8, parsed); will try to load it.
2025-08-17 18:49:06,659 DEBUG [TestNG-tests-1] cache:45 - TemplateLoader.findTemplateSource("spark/partials/scripts_en_IN.ftl"): Not found
2025-08-17 18:49:06,660 DEBUG [TestNG-tests-1] cache:45 - TemplateLoader.findTemplateSource("spark/partials/scripts_en.ftl"): Not found
2025-08-17 18:49:06,660 DEBUG [TestNG-tests-1] cache:45 - TemplateLoader.findTemplateSource("spark/partials/scripts.ftl"): Found
2025-08-17 18:49:06,661 DEBUG [TestNG-tests-1] cache:45 - Loading template for "spark/partials/scripts.ftl"("en_IN", UTF-8, parsed) from "jar:file:/C:/Users/phani/.m2/repository/com/aventstack/extentreports/5.1.1/extentreports-5.1.1.jar!/com/aventstack/extentreports/templates/spark/partials/scripts.ftl"
2025-08-17 18:49:06,664 DEBUG [TestNG-tests-1] cache:45 - Couldn't find template in cache for "commons/commons-inject-js.ftl"("en_IN", UTF-8, parsed); will try to load it.
2025-08-17 18:49:06,665 DEBUG [TestNG-tests-1] cache:45 - TemplateLoader.findTemplateSource("commons/commons-inject-js_en_IN.ftl"): Not found
2025-08-17 18:49:06,666 DEBUG [TestNG-tests-1] cache:45 - TemplateLoader.findTemplateSource("commons/commons-inject-js_en.ftl"): Not found
2025-08-17 18:49:06,667 DEBUG [TestNG-tests-1] cache:45 - TemplateLoader.findTemplateSource("commons/commons-inject-js.ftl"): Found
2025-08-17 18:49:06,667 DEBUG [TestNG-tests-1] cache:45 - Loading template for "commons/commons-inject-js.ftl"("en_IN", UTF-8, parsed) from "jar:file:/C:/Users/phani/.m2/repository/com/aventstack/extentreports/5.1.1/extentreports-5.1.1.jar!/com/aventstack/extentreports/templates/commons/commons-inject-js.ftl"
2025-08-17 19:10:27,137  INFO [TestNG-tests-1] resumeUploadinProfilePage:113 - cookies deleted
2025-08-17 19:10:32,893  INFO [TestNG-tests-1] resumeUploadinProfilePage:72 - ******* Started TC_03_Resume Upload Testcase *******
2025-08-17 19:10:33,374  INFO [TestNG-tests-1] resumeUploadinProfilePage:74 - login credentials entered and logged into the account
2025-08-17 19:10:35,481  INFO [TestNG-tests-1] resumeUploadinProfilePage:77 - clicked on user icon
2025-08-17 19:10:36,762  INFO [TestNG-tests-1] resumeUploadinProfilePage:79 - clicked on ViewAndUpdateProfileLink
2025-08-17 19:10:39,378  INFO [TestNG-tests-1] resumeUploadinProfilePage:87 - resume uploaded successfully
2025-08-17 19:10:39,379  INFO [TestNG-tests-1] resumeUploadinProfilePage:97 - ******* Finished TC_03_Resume Upload Testcase *******
2025-08-17 19:10:39,822 DEBUG [TestNG-tests-1] cache:45 - Couldn't find template in cache for "spark/spark.spa.ftl"("en_IN", UTF-8, parsed); will try to load it.
2025-08-17 19:10:39,824 DEBUG [TestNG-tests-1] cache:45 - TemplateLoader.findTemplateSource("spark/spark.spa_en_IN.ftl"): Not found
2025-08-17 19:10:39,826 DEBUG [TestNG-tests-1] cache:45 - TemplateLoader.findTemplateSource("spark/spark.spa_en.ftl"): Not found
2025-08-17 19:10:39,827 DEBUG [TestNG-tests-1] cache:45 - TemplateLoader.findTemplateSource("spark/spark.spa.ftl"): Found
2025-08-17 19:10:39,828 DEBUG [TestNG-tests-1] cache:45 - Loading template for "spark/spark.spa.ftl"("en_IN", UTF-8, parsed) from "jar:file:/C:/Users/phani/.m2/repository/com/aventstack/extentreports/5.1.1/extentreports-5.1.1.jar!/com/aventstack/extentreports/templates/spark/spark.spa.ftl"
2025-08-17 19:10:39,925 DEBUG [TestNG-tests-1] cache:45 - Couldn't find template in cache for "commons/commons-variables.ftl"("en_IN", UTF-8, parsed); will try to load it.
2025-08-17 19:10:39,926 DEBUG [TestNG-tests-1] cache:45 - TemplateLoader.findTemplateSource("commons/commons-variables_en_IN.ftl"): Not found
2025-08-17 19:10:39,928 DEBUG [TestNG-tests-1] cache:45 - TemplateLoader.findTemplateSource("commons/commons-variables_en.ftl"): Not found
2025-08-17 19:10:39,929 DEBUG [TestNG-tests-1] cache:45 - TemplateLoader.findTemplateSource("commons/commons-variables.ftl"): Found
2025-08-17 19:10:39,930 DEBUG [TestNG-tests-1] cache:45 - Loading template for "commons/commons-variables.ftl"("en_IN", UTF-8, parsed) from "jar:file:/C:/Users/phani/.m2/repository/com/aventstack/extentreports/5.1.1/extentreports-5.1.1.jar!/com/aventstack/extentreports/templates/commons/commons-variables.ftl"
2025-08-17 19:10:40,074 DEBUG [TestNG-tests-1] cache:45 - Couldn't find template in cache for "commons/commons-macros.ftl"("en_IN", UTF-8, parsed); will try to load it.
2025-08-17 19:10:40,075 DEBUG [TestNG-tests-1] cache:45 - TemplateLoader.findTemplateSource("commons/commons-macros_en_IN.ftl"): Not found
2025-08-17 19:10:40,076 DEBUG [TestNG-tests-1] cache:45 - TemplateLoader.findTemplateSource("commons/commons-macros_en.ftl"): Not found
2025-08-17 19:10:40,077 DEBUG [TestNG-tests-1] cache:45 - TemplateLoader.findTemplateSource("commons/commons-macros.ftl"): Found
2025-08-17 19:10:40,078 DEBUG [TestNG-tests-1] cache:45 - Loading template for "commons/commons-macros.ftl"("en_IN", UTF-8, parsed) from "jar:file:/C:/Users/phani/.m2/repository/com/aventstack/extentreports/5.1.1/extentreports-5.1.1.jar!/com/aventstack/extentreports/templates/commons/commons-macros.ftl"
2025-08-17 19:10:40,088 DEBUG [TestNG-tests-1] cache:45 - Couldn't find template in cache for "spark/macros/attributes.ftl"("en_IN", UTF-8, parsed); will try to load it.
2025-08-17 19:10:40,090 DEBUG [TestNG-tests-1] cache:45 - TemplateLoader.findTemplateSource("spark/macros/attributes_en_IN.ftl"): Not found
2025-08-17 19:10:40,090 DEBUG [TestNG-tests-1] cache:45 - TemplateLoader.findTemplateSource("spark/macros/attributes_en.ftl"): Not found
2025-08-17 19:10:40,091 DEBUG [TestNG-tests-1] cache:45 - TemplateLoader.findTemplateSource("spark/macros/attributes.ftl"): Found
2025-08-17 19:10:40,091 DEBUG [TestNG-tests-1] cache:45 - Loading template for "spark/macros/attributes.ftl"("en_IN", UTF-8, parsed) from "jar:file:/C:/Users/phani/.m2/repository/com/aventstack/extentreports/5.1.1/extentreports-5.1.1.jar!/com/aventstack/extentreports/templates/spark/macros/attributes.ftl"
2025-08-17 19:10:40,094 DEBUG [TestNG-tests-1] cache:45 - Couldn't find template in cache for "spark/macros/log.ftl"("en_IN", UTF-8, parsed); will try to load it.
2025-08-17 19:10:40,095 DEBUG [TestNG-tests-1] cache:45 - TemplateLoader.findTemplateSource("spark/macros/log_en_IN.ftl"): Not found
2025-08-17 19:10:40,095 DEBUG [TestNG-tests-1] cache:45 - TemplateLoader.findTemplateSource("spark/macros/log_en.ftl"): Not found
2025-08-17 19:10:40,096 DEBUG [TestNG-tests-1] cache:45 - TemplateLoader.findTemplateSource("spark/macros/log.ftl"): Found
2025-08-17 19:10:40,096 DEBUG [TestNG-tests-1] cache:45 - Loading template for "spark/macros/log.ftl"("en_IN", UTF-8, parsed) from "jar:file:/C:/Users/phani/.m2/repository/com/aventstack/extentreports/5.1.1/extentreports-5.1.1.jar!/com/aventstack/extentreports/templates/spark/macros/log.ftl"
2025-08-17 19:10:40,099 DEBUG [TestNG-tests-1] cache:45 - Couldn't find template in cache for "spark/macros/recurse_nodes.ftl"("en_IN", UTF-8, parsed); will try to load it.
2025-08-17 19:10:40,100 DEBUG [TestNG-tests-1] cache:45 - TemplateLoader.findTemplateSource("spark/macros/recurse_nodes_en_IN.ftl"): Not found
2025-08-17 19:10:40,101 DEBUG [TestNG-tests-1] cache:45 - TemplateLoader.findTemplateSource("spark/macros/recurse_nodes_en.ftl"): Not found
2025-08-17 19:10:40,102 DEBUG [TestNG-tests-1] cache:45 - TemplateLoader.findTemplateSource("spark/macros/recurse_nodes.ftl"): Found
2025-08-17 19:10:40,103 DEBUG [TestNG-tests-1] cache:45 - Loading template for "spark/macros/recurse_nodes.ftl"("en_IN", UTF-8, parsed) from "jar:file:/C:/Users/phani/.m2/repository/com/aventstack/extentreports/5.1.1/extentreports-5.1.1.jar!/com/aventstack/extentreports/templates/spark/macros/recurse_nodes.ftl"
2025-08-17 19:10:40,107 DEBUG [TestNG-tests-1] cache:45 - "spark/macros/log.ftl"("en_IN", UTF-8, parsed) cached copy not yet stale; using cached.
2025-08-17 19:10:40,108 DEBUG [TestNG-tests-1] cache:45 - Couldn't find template in cache for "spark/macros/attr-common.ftl"("en_IN", UTF-8, parsed); will try to load it.
2025-08-17 19:10:40,109 DEBUG [TestNG-tests-1] cache:45 - TemplateLoader.findTemplateSource("spark/macros/attr-common_en_IN.ftl"): Not found
2025-08-17 19:10:40,109 DEBUG [TestNG-tests-1] cache:45 - TemplateLoader.findTemplateSource("spark/macros/attr-common_en.ftl"): Not found
2025-08-17 19:10:40,110 DEBUG [TestNG-tests-1] cache:45 - TemplateLoader.findTemplateSource("spark/macros/attr-common.ftl"): Found
2025-08-17 19:10:40,111 DEBUG [TestNG-tests-1] cache:45 - Loading template for "spark/macros/attr-common.ftl"("en_IN", UTF-8, parsed) from "jar:file:/C:/Users/phani/.m2/repository/com/aventstack/extentreports/5.1.1/extentreports-5.1.1.jar!/com/aventstack/extentreports/templates/spark/macros/attr-common.ftl"
2025-08-17 19:10:40,122 DEBUG [TestNG-tests-1] cache:45 - Couldn't find template in cache for "spark/partials/head.ftl"("en_IN", UTF-8, parsed); will try to load it.
2025-08-17 19:10:40,123 DEBUG [TestNG-tests-1] cache:45 - TemplateLoader.findTemplateSource("spark/partials/head_en_IN.ftl"): Not found
2025-08-17 19:10:40,124 DEBUG [TestNG-tests-1] cache:45 - TemplateLoader.findTemplateSource("spark/partials/head_en.ftl"): Not found
2025-08-17 19:10:40,125 DEBUG [TestNG-tests-1] cache:45 - TemplateLoader.findTemplateSource("spark/partials/head.ftl"): Found
2025-08-17 19:10:40,126 DEBUG [TestNG-tests-1] cache:45 - Loading template for "spark/partials/head.ftl"("en_IN", UTF-8, parsed) from "jar:file:/C:/Users/phani/.m2/repository/com/aventstack/extentreports/5.1.1/extentreports-5.1.1.jar!/com/aventstack/extentreports/templates/spark/partials/head.ftl"
2025-08-17 19:10:40,137 DEBUG [TestNG-tests-1] cache:45 - Couldn't find template in cache for "commons/commons-inject-css.ftl"("en_IN", UTF-8, parsed); will try to load it.
2025-08-17 19:10:40,138 DEBUG [TestNG-tests-1] cache:45 - TemplateLoader.findTemplateSource("commons/commons-inject-css_en_IN.ftl"): Not found
2025-08-17 19:10:40,139 DEBUG [TestNG-tests-1] cache:45 - TemplateLoader.findTemplateSource("commons/commons-inject-css_en.ftl"): Not found
2025-08-17 19:10:40,140 DEBUG [TestNG-tests-1] cache:45 - TemplateLoader.findTemplateSource("commons/commons-inject-css.ftl"): Found
2025-08-17 19:10:40,140 DEBUG [TestNG-tests-1] cache:45 - Loading template for "commons/commons-inject-css.ftl"("en_IN", UTF-8, parsed) from "jar:file:/C:/Users/phani/.m2/repository/com/aventstack/extentreports/5.1.1/extentreports-5.1.1.jar!/com/aventstack/extentreports/templates/commons/commons-inject-css.ftl"
2025-08-17 19:10:40,142 DEBUG [TestNG-tests-1] cache:45 - Couldn't find template in cache for "spark/partials/navbar.ftl"("en_IN", UTF-8, parsed); will try to load it.
2025-08-17 19:10:40,143 DEBUG [TestNG-tests-1] cache:45 - TemplateLoader.findTemplateSource("spark/partials/navbar_en_IN.ftl"): Not found
2025-08-17 19:10:40,144 DEBUG [TestNG-tests-1] cache:45 - TemplateLoader.findTemplateSource("spark/partials/navbar_en.ftl"): Not found
2025-08-17 19:10:40,145 DEBUG [TestNG-tests-1] cache:45 - TemplateLoader.findTemplateSource("spark/partials/navbar.ftl"): Found
2025-08-17 19:10:40,145 DEBUG [TestNG-tests-1] cache:45 - Loading template for "spark/partials/navbar.ftl"("en_IN", UTF-8, parsed) from "jar:file:/C:/Users/phani/.m2/repository/com/aventstack/extentreports/5.1.1/extentreports-5.1.1.jar!/com/aventstack/extentreports/templates/spark/partials/navbar.ftl"
2025-08-17 19:10:40,157 DEBUG [TestNG-tests-1] cache:45 - Couldn't find template in cache for "spark/partials/sidenav.ftl"("en_IN", UTF-8, parsed); will try to load it.
2025-08-17 19:10:40,158 DEBUG [TestNG-tests-1] cache:45 - TemplateLoader.findTemplateSource("spark/partials/sidenav_en_IN.ftl"): Not found
2025-08-17 19:10:40,159 DEBUG [TestNG-tests-1] cache:45 - TemplateLoader.findTemplateSource("spark/partials/sidenav_en.ftl"): Not found
2025-08-17 19:10:40,160 DEBUG [TestNG-tests-1] cache:45 - TemplateLoader.findTemplateSource("spark/partials/sidenav.ftl"): Found
2025-08-17 19:10:40,160 DEBUG [TestNG-tests-1] cache:45 - Loading template for "spark/partials/sidenav.ftl"("en_IN", UTF-8, parsed) from "jar:file:/C:/Users/phani/.m2/repository/com/aventstack/extentreports/5.1.1/extentreports-5.1.1.jar!/com/aventstack/extentreports/templates/spark/partials/sidenav.ftl"
2025-08-17 19:10:40,178 DEBUG [TestNG-tests-1] cache:45 - Couldn't find template in cache for "spark/partials/test.ftl"("en_IN", UTF-8, parsed); will try to load it.
2025-08-17 19:10:40,179 DEBUG [TestNG-tests-1] cache:45 - TemplateLoader.findTemplateSource("spark/partials/test_en_IN.ftl"): Not found
2025-08-17 19:10:40,180 DEBUG [TestNG-tests-1] cache:45 - TemplateLoader.findTemplateSource("spark/partials/test_en.ftl"): Not found
2025-08-17 19:10:40,180 DEBUG [TestNG-tests-1] cache:45 - TemplateLoader.findTemplateSource("spark/partials/test.ftl"): Found
2025-08-17 19:10:40,181 DEBUG [TestNG-tests-1] cache:45 - Loading template for "spark/partials/test.ftl"("en_IN", UTF-8, parsed) from "jar:file:/C:/Users/phani/.m2/repository/com/aventstack/extentreports/5.1.1/extentreports-5.1.1.jar!/com/aventstack/extentreports/templates/spark/partials/test.ftl"
2025-08-17 19:10:40,208 DEBUG [TestNG-tests-1] cache:45 - Couldn't find template in cache for "spark/partials/standard-content.ftl"("en_IN", UTF-8, parsed); will try to load it.
2025-08-17 19:10:40,209 DEBUG [TestNG-tests-1] cache:45 - TemplateLoader.findTemplateSource("spark/partials/standard-content_en_IN.ftl"): Not found
2025-08-17 19:10:40,210 DEBUG [TestNG-tests-1] cache:45 - TemplateLoader.findTemplateSource("spark/partials/standard-content_en.ftl"): Not found
2025-08-17 19:10:40,211 DEBUG [TestNG-tests-1] cache:45 - TemplateLoader.findTemplateSource("spark/partials/standard-content.ftl"): Found
2025-08-17 19:10:40,211 DEBUG [TestNG-tests-1] cache:45 - Loading template for "spark/partials/standard-content.ftl"("en_IN", UTF-8, parsed) from "jar:file:/C:/Users/phani/.m2/repository/com/aventstack/extentreports/5.1.1/extentreports-5.1.1.jar!/com/aventstack/extentreports/templates/spark/partials/standard-content.ftl"
2025-08-17 19:10:40,217 DEBUG [TestNG-tests-1] cache:45 - Couldn't find template in cache for "spark/partials/exception.ftl"("en_IN", UTF-8, parsed); will try to load it.
2025-08-17 19:10:40,218 DEBUG [TestNG-tests-1] cache:45 - TemplateLoader.findTemplateSource("spark/partials/exception_en_IN.ftl"): Not found
2025-08-17 19:10:40,219 DEBUG [TestNG-tests-1] cache:45 - TemplateLoader.findTemplateSource("spark/partials/exception_en.ftl"): Not found
2025-08-17 19:10:40,220 DEBUG [TestNG-tests-1] cache:45 - TemplateLoader.findTemplateSource("spark/partials/exception.ftl"): Found
2025-08-17 19:10:40,220 DEBUG [TestNG-tests-1] cache:45 - Loading template for "spark/partials/exception.ftl"("en_IN", UTF-8, parsed) from "jar:file:/C:/Users/phani/.m2/repository/com/aventstack/extentreports/5.1.1/extentreports-5.1.1.jar!/com/aventstack/extentreports/templates/spark/partials/exception.ftl"
2025-08-17 19:10:40,221 DEBUG [TestNG-tests-1] cache:45 - Couldn't find template in cache for "spark/partials/category.ftl"("en_IN", UTF-8, parsed); will try to load it.
2025-08-17 19:10:40,222 DEBUG [TestNG-tests-1] cache:45 - TemplateLoader.findTemplateSource("spark/partials/category_en_IN.ftl"): Not found
2025-08-17 19:10:40,223 DEBUG [TestNG-tests-1] cache:45 - TemplateLoader.findTemplateSource("spark/partials/category_en.ftl"): Not found
2025-08-17 19:10:40,224 DEBUG [TestNG-tests-1] cache:45 - TemplateLoader.findTemplateSource("spark/partials/category.ftl"): Found
2025-08-17 19:10:40,225 DEBUG [TestNG-tests-1] cache:45 - Loading template for "spark/partials/category.ftl"("en_IN", UTF-8, parsed) from "jar:file:/C:/Users/phani/.m2/repository/com/aventstack/extentreports/5.1.1/extentreports-5.1.1.jar!/com/aventstack/extentreports/templates/spark/partials/category.ftl"
2025-08-17 19:10:40,231 DEBUG [TestNG-tests-1] cache:45 - Couldn't find template in cache for "spark/partials/device.ftl"("en_IN", UTF-8, parsed); will try to load it.
2025-08-17 19:10:40,232 DEBUG [TestNG-tests-1] cache:45 - TemplateLoader.findTemplateSource("spark/partials/device_en_IN.ftl"): Not found
2025-08-17 19:10:40,233 DEBUG [TestNG-tests-1] cache:45 - TemplateLoader.findTemplateSource("spark/partials/device_en.ftl"): Not found
2025-08-17 19:10:40,234 DEBUG [TestNG-tests-1] cache:45 - TemplateLoader.findTemplateSource("spark/partials/device.ftl"): Found
2025-08-17 19:10:40,234 DEBUG [TestNG-tests-1] cache:45 - Loading template for "spark/partials/device.ftl"("en_IN", UTF-8, parsed) from "jar:file:/C:/Users/phani/.m2/repository/com/aventstack/extentreports/5.1.1/extentreports-5.1.1.jar!/com/aventstack/extentreports/templates/spark/partials/device.ftl"
2025-08-17 19:10:40,235 DEBUG [TestNG-tests-1] cache:45 - Couldn't find template in cache for "spark/partials/author.ftl"("en_IN", UTF-8, parsed); will try to load it.
2025-08-17 19:10:40,237 DEBUG [TestNG-tests-1] cache:45 - TemplateLoader.findTemplateSource("spark/partials/author_en_IN.ftl"): Not found
2025-08-17 19:10:40,238 DEBUG [TestNG-tests-1] cache:45 - TemplateLoader.findTemplateSource("spark/partials/author_en.ftl"): Not found
2025-08-17 19:10:40,238 DEBUG [TestNG-tests-1] cache:45 - TemplateLoader.findTemplateSource("spark/partials/author.ftl"): Found
2025-08-17 19:10:40,240 DEBUG [TestNG-tests-1] cache:45 - Loading template for "spark/partials/author.ftl"("en_IN", UTF-8, parsed) from "jar:file:/C:/Users/phani/.m2/repository/com/aventstack/extentreports/5.1.1/extentreports-5.1.1.jar!/com/aventstack/extentreports/templates/spark/partials/author.ftl"
2025-08-17 19:10:40,242 DEBUG [TestNG-tests-1] cache:45 - Couldn't find template in cache for "spark/partials/log.ftl"("en_IN", UTF-8, parsed); will try to load it.
2025-08-17 19:10:40,243 DEBUG [TestNG-tests-1] cache:45 - TemplateLoader.findTemplateSource("spark/partials/log_en_IN.ftl"): Not found
2025-08-17 19:10:40,243 DEBUG [TestNG-tests-1] cache:45 - TemplateLoader.findTemplateSource("spark/partials/log_en.ftl"): Not found
2025-08-17 19:10:40,244 DEBUG [TestNG-tests-1] cache:45 - TemplateLoader.findTemplateSource("spark/partials/log.ftl"): Found
2025-08-17 19:10:40,245 DEBUG [TestNG-tests-1] cache:45 - Loading template for "spark/partials/log.ftl"("en_IN", UTF-8, parsed) from "jar:file:/C:/Users/phani/.m2/repository/com/aventstack/extentreports/5.1.1/extentreports-5.1.1.jar!/com/aventstack/extentreports/templates/spark/partials/log.ftl"
2025-08-17 19:10:40,247 DEBUG [TestNG-tests-1] cache:45 - Couldn't find template in cache for "spark/partials/dashboard.ftl"("en_IN", UTF-8, parsed); will try to load it.
2025-08-17 19:10:40,248 DEBUG [TestNG-tests-1] cache:45 - TemplateLoader.findTemplateSource("spark/partials/dashboard_en_IN.ftl"): Not found
2025-08-17 19:10:40,249 DEBUG [TestNG-tests-1] cache:45 - TemplateLoader.findTemplateSource("spark/partials/dashboard_en.ftl"): Not found
2025-08-17 19:10:40,250 DEBUG [TestNG-tests-1] cache:45 - TemplateLoader.findTemplateSource("spark/partials/dashboard.ftl"): Found
2025-08-17 19:10:40,250 DEBUG [TestNG-tests-1] cache:45 - Loading template for "spark/partials/dashboard.ftl"("en_IN", UTF-8, parsed) from "jar:file:/C:/Users/phani/.m2/repository/com/aventstack/extentreports/5.1.1/extentreports-5.1.1.jar!/com/aventstack/extentreports/templates/spark/partials/dashboard.ftl"
2025-08-17 19:10:40,298 DEBUG [TestNG-tests-1] cache:45 - Couldn't find template in cache for "spark/partials/scripts.ftl"("en_IN", UTF-8, parsed); will try to load it.
2025-08-17 19:10:40,299 DEBUG [TestNG-tests-1] cache:45 - TemplateLoader.findTemplateSource("spark/partials/scripts_en_IN.ftl"): Not found
2025-08-17 19:10:40,300 DEBUG [TestNG-tests-1] cache:45 - TemplateLoader.findTemplateSource("spark/partials/scripts_en.ftl"): Not found
2025-08-17 19:10:40,301 DEBUG [TestNG-tests-1] cache:45 - TemplateLoader.findTemplateSource("spark/partials/scripts.ftl"): Found
2025-08-17 19:10:40,302 DEBUG [TestNG-tests-1] cache:45 - Loading template for "spark/partials/scripts.ftl"("en_IN", UTF-8, parsed) from "jar:file:/C:/Users/phani/.m2/repository/com/aventstack/extentreports/5.1.1/extentreports-5.1.1.jar!/com/aventstack/extentreports/templates/spark/partials/scripts.ftl"
2025-08-17 19:10:40,304 DEBUG [TestNG-tests-1] cache:45 - Couldn't find template in cache for "commons/commons-inject-js.ftl"("en_IN", UTF-8, parsed); will try to load it.
2025-08-17 19:10:40,305 DEBUG [TestNG-tests-1] cache:45 - TemplateLoader.findTemplateSource("commons/commons-inject-js_en_IN.ftl"): Not found
2025-08-17 19:10:40,306 DEBUG [TestNG-tests-1] cache:45 - TemplateLoader.findTemplateSource("commons/commons-inject-js_en.ftl"): Not found
2025-08-17 19:10:40,306 DEBUG [TestNG-tests-1] cache:45 - TemplateLoader.findTemplateSource("commons/commons-inject-js.ftl"): Found
2025-08-17 19:10:40,307 DEBUG [TestNG-tests-1] cache:45 - Loading template for "commons/commons-inject-js.ftl"("en_IN", UTF-8, parsed) from "jar:file:/C:/Users/phani/.m2/repository/com/aventstack/extentreports/5.1.1/extentreports-5.1.1.jar!/com/aventstack/extentreports/templates/commons/commons-inject-js.ftl"
